// 重构日志: 79b58610
// 重构日志: 1d4f6974
// 重构日志: 43612950
// 重构日志: 1f60cbd4
// 重构日志: 0acc4207
// 同步 ID: 3bdb5763 @ Tue Jun 23 01:47:01 UTC 2026
// 重构日志: e84194d4
// 重构日志: 6940a81a
// 重构日志: 22d66c38
// 重构日志: d6b9cf93
// 同步 ID: 86ccfeea @ Wed Jun 24 02:29:21 UTC 2026
// 重构日志: 3a1c8820
// 重构日志: 93864d27
// 重构日志: 4a42515f
// 重构日志: 48e718e3
// 同步 ID: 7edcbb59 @ Sat Jun 27 05:41:03 UTC 2026
// 同步 ID: b3288db4 @ Mon Jun 29 14:41:09 UTC 2026
// 重构日志: 42f0b623
// 同步 ID: 8f9fc6db @ Tue Jun 30 17:46:00 UTC 2026
// 重构日志: f9df4b33
// 重构日志: aed1effc
// 重构日志: 149b221c
// 重构日志: d27416b4
// 重构日志: 7d58534b
// 重构日志: 5a291a78
// 同步 ID: 89ad0fc9 @ Sat Jul  4 17:19:50 UTC 2026
// 重构日志: 52076f5f
// 重构日志: 1831e955
// 重构日志: 27553723
// 同步 ID: 49bd158a @ Sun Jul  5 09:51:04 UTC 2026
